<?xml version="1.0" encoding="UTF-8"?>
<!-- Generated by org.testng.reporters.JUnitReportReporter -->
<testsuite hostname="ANILKUMAR" failures="0" tests="1" name="day47.LoginTest1" time="17.291" errors="0" timestamp="2024-11-07T22:51:38 IST" skipped="0">
  <testcase classname="day47.LoginTest1" name="testLogin" time="17.291"/>
  <system-out/>
</testsuite> <!-- day47.LoginTest1 -->
