<?xml version="1.0" encoding="UTF-8"?>
<!-- Generated by org.testng.reporters.JUnitReportReporter -->
<testsuite hostname="ANILKUMAR" failures="0" tests="2" name="day43.pack.C1" time="0.025" errors="0" timestamp="2024-10-18T15:23:40 IST" skipped="0">
  <testcase classname="day43.pack.C1" name="abc" time="0.021"/>
  <system-out/>
  <testcase classname="day43.pack.C1" name="abc" time="0.004"/>
  <system-out/>
</testsuite> <!-- day43.pack.C1 -->
