<?xml version="1.0" encoding="UTF-8"?>
<!-- Generated by org.testng.reporters.JUnitReportReporter -->
<testsuite hostname="ANILKUMAR" failures="0" tests="2" name="day43.pack.AllAnnotations" time="0.024" errors="0" timestamp="2024-10-18T15:28:42 IST" skipped="0">
  <testcase classname="day43.pack.AllAnnotations" name="tm1" time="0.015"/>
  <system-out/>
  <testcase classname="day43.pack.AllAnnotations" name="tm2" time="0.009"/>
  <system-out/>
</testsuite> <!-- day43.pack.AllAnnotations -->
