<?xml version="1.0" encoding="UTF-8"?>
<!-- Generated by org.testng.reporters.JUnitReportReporter -->
<testsuite hostname="ANILKUMAR" failures="0" tests="2" name="day43.AnnotationsDemo1" time="0.071" errors="0" timestamp="2024-10-18T13:40:26 IST" skipped="0">
  <testcase classname="day43.AnnotationsDemo1" name="advanceSearch" time="0.054"/>
  <system-out/>
  <testcase classname="day43.AnnotationsDemo1" name="search" time="0.017"/>
  <system-out/>
</testsuite> <!-- day43.AnnotationsDemo1 -->
