<?xml version="1.0" encoding="UTF-8"?>
<!-- Generated by org.testng.reporters.JUnitReportReporter -->
<testsuite hostname="ANILKUMAR" failures="0" tests="3" name="day42.FirstTestCase" time="0.076" errors="0" timestamp="2024-10-17T21:25:01 IST" skipped="0">
  <testcase classname="day42.FirstTestCase" name="openapp" time="0.057"/>
  <system-out/>
  <testcase classname="day42.FirstTestCase" name="login" time="0.007"/>
  <system-out/>
  <testcase classname="day42.FirstTestCase" name="logout" time="0.012"/>
  <system-out/>
</testsuite> <!-- day42.FirstTestCase -->
