<?xml version="1.0" encoding="UTF-8"?>
<!-- Generated by org.testng.reporters.JUnitReportReporter -->
<testsuite hostname="ANILKUMAR" failures="0" tests="2" name="day43.pack.C3" time="0.020" errors="0" timestamp="2024-10-18T15:23:40 IST" skipped="0">
  <testcase classname="day43.pack.C3" name="pqr" time="0.006"/>
  <system-out/>
  <testcase classname="day43.pack.C3" name="pqr" time="0.014"/>
  <system-out/>
</testsuite> <!-- day43.pack.C3 -->
