<?xml version="1.0" encoding="UTF-8"?>
<!-- Generated by org.testng.reporters.JUnitReportReporter -->
<testsuite hostname="ANILKUMAR" failures="0" tests="3" name="day44.SignupTests" time="0.009" errors="0" timestamp="2024-10-18T22:18:33 IST" skipped="0">
  <testcase classname="day44.SignupTests" name="signupByEmail" time="0.004"/>
  <system-out/>
  <testcase classname="day44.SignupTests" name="signupByFacebook" time="0.004"/>
  <system-out/>
  <testcase classname="day44.SignupTests" name="signupBytwitter" time="0.001"/>
  <system-out/>
</testsuite> <!-- day44.SignupTests -->
