<?xml version="1.0" encoding="UTF-8"?>
<!-- Generated by org.testng.reporters.JUnitReportReporter -->
<testsuite hostname="ANILKUMAR" failures="0" tests="1" name="day47.LoginTest" time="6.492" errors="0" timestamp="2024-11-07T22:27:28 IST" skipped="0">
  <testcase classname="day47.LoginTest" name="testLogin" time="6.492"/>
  <system-out/>
</testsuite> <!-- day47.LoginTest -->
