<?xml version="1.0" encoding="UTF-8"?>
<!-- Generated by org.testng.reporters.JUnitReportReporter -->
<testsuite hostname="ANILKUMAR" failures="0" tests="2" name="day44.PaymentTests" time="0.027" errors="0" timestamp="2024-10-18T22:43:20 IST" skipped="0">
  <testcase classname="day44.PaymentTests" name="paymentInRupees" time="0.024"/>
  <system-out/>
  <testcase classname="day44.PaymentTests" name="paymentInDollers" time="0.003"/>
  <system-out/>
</testsuite> <!-- day44.PaymentTests -->
