<?xml version="1.0" encoding="UTF-8"?>
<!-- Generated by org.testng.reporters.JUnitReportReporter -->
<testsuite hostname="ANILKUMAR" failures="0" tests="2" name="day43.AnnotationsDemo2" time="0.029" errors="0" timestamp="2024-10-18T13:55:10 IST" skipped="0">
  <testcase classname="day43.AnnotationsDemo2" name="search" time="0.025"/>
  <system-out/>
  <testcase classname="day43.AnnotationsDemo2" name="advanceSearch" time="0.004"/>
  <system-out/>
</testsuite> <!-- day43.AnnotationsDemo2 -->
