<?xml version="1.0" encoding="UTF-8"?>
<!-- Generated by org.testng.reporters.JUnitReportReporter -->
<testsuite hostname="ANILKUMAR" failures="0" tests="2" name="day43.AllAnnotations" time="0.030" errors="0" timestamp="2024-10-18T16:12:01 IST" skipped="0">
  <testcase classname="day43.AllAnnotations" name="tm1" time="0.024"/>
  <system-out/>
  <testcase classname="day43.AllAnnotations" name="tm2" time="0.006"/>
  <system-out/>
</testsuite> <!-- day43.AllAnnotations -->
