<?xml version="1.0" encoding="UTF-8"?>
<!-- Generated by org.testng.reporters.JUnitReportReporter -->
<testsuite hostname="ANILKUMAR" failures="0" tests="4" name="day420.OrangeHRMTest" time="51.402" errors="0" timestamp="2024-10-18T12:23:48 IST" skipped="0">
  <testcase classname="day420.OrangeHRMTest" name="openapp" time="33.856"/>
  <system-out/>
  <testcase classname="day420.OrangeHRMTest" name="testLogo" time="3.788"/>
  <system-out/>
  <testcase classname="day420.OrangeHRMTest" name="testLogin" time="4.881"/>
  <system-out/>
  <testcase classname="day420.OrangeHRMTest" name="closeApp" time="8.877"/>
  <system-out/>
</testsuite> <!-- day420.OrangeHRMTest -->
