<?xml version="1.0" encoding="UTF-8"?>
<!-- Generated by org.testng.reporters.JUnitReportReporter -->
<testsuite hostname="ANILKUMAR" failures="0" tests="3" name="day420.FirstTestCase" time="0.029" errors="0" timestamp="2024-10-18T12:23:48 IST" skipped="0">
  <testcase classname="day420.FirstTestCase" name="openapp" time="0.024"/>
  <system-out/>
  <testcase classname="day420.FirstTestCase" name="login" time="0.003"/>
  <system-out/>
  <testcase classname="day420.FirstTestCase" name="logout" time="0.002"/>
  <system-out/>
</testsuite> <!-- day420.FirstTestCase -->
